{"uuid":"091c5af0-5f28-4374-8034-732cfd3c1f04","historyId":"a6cff5bd50ddb2bc09ab48470e5826fc","testCaseId":"48028a743f23d6a88f213e80424392d5","fullName":"src/test/resources/Feature/01UserLoginModule.feature:27","labels":[{"name":"tag","value":"UserLogin"},{"name":"tag","value":"Adminlogin"},{"name":"host","value":"Dineshs-MacBook-Pro.local"},{"name":"thread","value":"14258@Dineshs-MacBook-Pro.local.main(1)"},{"name":"feature","value":"Admin Login Controller"},{"name":"story","value":"Admin login token generation"},{"name":"suite","value":"Admin Login Controller"},{"name":"testClass","value":"Admin login token generation"},{"name":"framework","value":"cucumber4jvm"},{"name":"language","value":"java"},{"name":"gherkin_uri","value":"file:///Users/dineshdeshmukh/eclipse-workspace/Team05APISquadHackathon/src/test/resources/Feature/01UserLoginModule.feature"},{"name":"package","value":"src.test.resources.Feature.01UserLoginModule_feature.Admin Login Controller"}],"links":[],"name":"Admin login token generation","status":"failed","statusDetails":{"known":false,"muted":false,"flaky":false,"message":"Status Code Mismatch! expected [400] but found [401]","trace":"java.lang.AssertionError: Status Code Mismatch! expected [400] but found [401]\n\tat org.testng.Assert.fail(Assert.java:111)\n\tat org.testng.Assert.failNotEquals(Assert.java:1590)\n\tat org.testng.Assert.assertEqualsImpl(Assert.java:150)\n\tat org.testng.Assert.assertEquals(Assert.java:132)\n\tat org.testng.Assert.assertEquals(Assert.java:1431)\n\tat org.testng.Assert.assertEquals(Assert.java:1395)\n\tat stepDefinitions.UserLoginSteps.admin_validates_response(UserLoginSteps.java:70)\n\tat ✽.Admin validates response(file:///Users/dineshdeshmukh/eclipse-workspace/Team05APISquadHackathon/src/test/resources/Feature/01UserLoginModule.feature:13)\n"},"stage":"finished","steps":[{"name":"Given Admin sets No Auth","status":"passed","statusDetails":{"known":false,"muted":false,"flaky":false},"stage":"finished","steps":[],"attachments":[],"parameters":[],"start":1768544416955,"stop":1768544416956},{"name":"Given Admin creates request with \"invalid base URL\"","status":"passed","statusDetails":{"known":false,"muted":false,"flaky":false},"stage":"finished","steps":[],"attachments":[],"parameters":[],"start":1768544416957,"stop":1768544417238},{"name":"When Admin calls login HTTPS method with endpoint","status":"passed","statusDetails":{"known":false,"muted":false,"flaky":false},"stage":"finished","steps":[],"attachments":[],"parameters":[],"start":1768544417239,"stop":1768544417511},{"name":"Then Admin validates response","status":"failed","statusDetails":{"known":false,"muted":false,"flaky":false,"message":"Status Code Mismatch! expected [400] but found [401]","trace":"java.lang.AssertionError: Status Code Mismatch! expected [400] but found [401]\n\tat org.testng.Assert.fail(Assert.java:111)\n\tat org.testng.Assert.failNotEquals(Assert.java:1590)\n\tat org.testng.Assert.assertEqualsImpl(Assert.java:150)\n\tat org.testng.Assert.assertEquals(Assert.java:132)\n\tat org.testng.Assert.assertEquals(Assert.java:1431)\n\tat org.testng.Assert.assertEquals(Assert.java:1395)\n\tat stepDefinitions.UserLoginSteps.admin_validates_response(UserLoginSteps.java:70)\n\tat ✽.Admin validates response(file:///Users/dineshdeshmukh/eclipse-workspace/Team05APISquadHackathon/src/test/resources/Feature/01UserLoginModule.feature:13)\n"},"stage":"finished","steps":[],"attachments":[],"parameters":[],"start":1768544417511,"stop":1768544417513}],"attachments":[],"parameters":[{"name":"ScenarioName","value":"invalid base URL"}],"start":1768544416950,"stop":1768544417518}