{"uuid":"201a5993-15a5-44df-afbe-5059898f6e57","historyId":"24b8252d42e530722fa21cbadd292f26","testCaseId":"ebfcacdac68c0e297c80b7c24ed9379e","fullName":"src/test/resources/Feature/03UserForgotPassword.feature:16","labels":[{"name":"tag","value":"UserLoginModule1"},{"name":"tag","value":"ForgotPassword"},{"name":"host","value":"Dineshs-MacBook-Pro.local"},{"name":"thread","value":"33294@Dineshs-MacBook-Pro.local.main(1)"},{"name":"feature","value":"User Controller Operations"},{"name":"story","value":"Admin forgot password"},{"name":"suite","value":"User Controller Operations"},{"name":"testClass","value":"Admin forgot password"},{"name":"framework","value":"cucumber4jvm"},{"name":"language","value":"java"},{"name":"gherkin_uri","value":"file:///Users/dineshdeshmukh/eclipse-workspace/Team05APISquadHackathon/src/test/resources/Feature/03UserForgotPassword.feature"},{"name":"package","value":"src.test.resources.Feature.03UserForgotPassword_feature.User Controller Operations"}],"links":[],"name":"Admin forgot password","status":"failed","statusDetails":{"known":false,"muted":false,"flaky":false,"message":"Status Code Mismatch! expected [401] but found [400]","trace":"java.lang.AssertionError: Status Code Mismatch! expected [401] but found [400]\n\tat org.testng.Assert.fail(Assert.java:111)\n\tat org.testng.Assert.failNotEquals(Assert.java:1590)\n\tat org.testng.Assert.assertEqualsImpl(Assert.java:150)\n\tat org.testng.Assert.assertEquals(Assert.java:132)\n\tat org.testng.Assert.assertEquals(Assert.java:1431)\n\tat org.testng.Assert.assertEquals(Assert.java:1395)\n\tat stepDefinitions.UserLoginSteps.admin_validates_response(UserLoginSteps.java:33)\n\tat ✽.Admin validates response(file:///Users/dineshdeshmukh/eclipse-workspace/Team05APISquadHackathon/src/test/resources/Feature/03UserForgotPassword.feature:11)\n"},"stage":"finished","steps":[{"name":"Given Admin sets No Auth","status":"passed","statusDetails":{"known":false,"muted":false,"flaky":false},"stage":"finished","steps":[],"attachments":[],"parameters":[],"start":1768572827743,"stop":1768572827745},{"name":"Given Admin creates forgot password request with \"special chars in email\"","status":"passed","statusDetails":{"known":false,"muted":false,"flaky":false},"stage":"finished","steps":[],"attachments":[],"parameters":[],"start":1768572827745,"stop":1768572827968},{"name":"When Admin calls login HTTPS method with endpoint","status":"passed","statusDetails":{"known":false,"muted":false,"flaky":false},"stage":"finished","steps":[],"attachments":[],"parameters":[],"start":1768572827969,"stop":1768572828168},{"name":"Then Admin validates response","status":"failed","statusDetails":{"known":false,"muted":false,"flaky":false,"message":"Status Code Mismatch! expected [401] but found [400]","trace":"java.lang.AssertionError: Status Code Mismatch! expected [401] but found [400]\n\tat org.testng.Assert.fail(Assert.java:111)\n\tat org.testng.Assert.failNotEquals(Assert.java:1590)\n\tat org.testng.Assert.assertEqualsImpl(Assert.java:150)\n\tat org.testng.Assert.assertEquals(Assert.java:132)\n\tat org.testng.Assert.assertEquals(Assert.java:1431)\n\tat org.testng.Assert.assertEquals(Assert.java:1395)\n\tat stepDefinitions.UserLoginSteps.admin_validates_response(UserLoginSteps.java:33)\n\tat ✽.Admin validates response(file:///Users/dineshdeshmukh/eclipse-workspace/Team05APISquadHackathon/src/test/resources/Feature/03UserForgotPassword.feature:11)\n"},"stage":"finished","steps":[],"attachments":[],"parameters":[],"start":1768572828169,"stop":1768572828169}],"attachments":[],"parameters":[{"name":"ScenarioName","value":"special chars in email"}],"start":1768572827740,"stop":1768572828174}