{"uuid":"547a7a38-e012-4147-b4df-3d719cb9a52c","historyId":"6eac6fc292b5b7905141bfc5af8d65c1","testCaseId":"f90b90aba92a89c983e155057d4327d5","fullName":"src/test/resources/Feature/04ProgramModule.feature:68","labels":[{"name":"tag","value":"program"},{"name":"tag","value":"getProgramById"},{"name":"host","value":"Dineshs-MacBook-Pro.local"},{"name":"thread","value":"42322@Dineshs-MacBook-Pro.local.main(1)"},{"name":"feature","value":"Validating Program Module API"},{"name":"story","value":"Check if admin is able to GET program by programID with valid/invalid details"},{"name":"suite","value":"Validating Program Module API"},{"name":"testClass","value":"Check if admin is able to GET program by programID with valid/invalid details"},{"name":"framework","value":"cucumber4jvm"},{"name":"language","value":"java"},{"name":"gherkin_uri","value":"file:///Users/dineshdeshmukh/eclipse-workspace/Team05APISquadHackathon/src/test/resources/Feature/04ProgramModule.feature"},{"name":"package","value":"src.test.resources.Feature.04ProgramModule_feature.Validating Program Module API"}],"links":[],"name":"Check if admin is able to GET program by programID with valid/invalid details","status":"failed","statusDetails":{"known":false,"muted":false,"flaky":false,"message":"Status code does not match! expected [200] but found [400]","trace":"java.lang.AssertionError: Status code does not match! expected [200] but found [400]\n\tat org.testng.Assert.fail(Assert.java:111)\n\tat org.testng.Assert.failNotEquals(Assert.java:1590)\n\tat org.testng.Assert.assertEqualsImpl(Assert.java:150)\n\tat org.testng.Assert.assertEquals(Assert.java:132)\n\tat org.testng.Assert.assertEquals(Assert.java:1431)\n\tat org.testng.Assert.assertEquals(Assert.java:1395)\n\tat stepDefinitions.ProgramStepDefinition.admin_receives_status_code_with_status_text_for_program(ProgramStepDefinition.java:53)\n\tat ✽.Admin receives StatusCode with statusText \"GetProgramByvalidID\" for Program(file:///Users/dineshdeshmukh/eclipse-workspace/Team05APISquadHackathon/src/test/resources/Feature/04ProgramModule.feature:59)\n"},"stage":"finished","steps":[{"name":"Given Admin set Authorization to Bearer token","status":"passed","statusDetails":{"known":false,"muted":false,"flaky":false},"stage":"finished","steps":[],"attachments":[],"parameters":[],"start":1768601771710,"stop":1768601771711},{"name":"Given Admin sends Get Request Program for the LMS with request body \"GetProgramByvalidID\"","status":"passed","statusDetails":{"known":false,"muted":false,"flaky":false},"stage":"finished","steps":[],"attachments":[],"parameters":[],"start":1768601771711,"stop":1768601771914},{"name":"When Admin sends Get HTTPS Request and request Body with \"programId\" endpoint","status":"passed","statusDetails":{"known":false,"muted":false,"flaky":false},"stage":"finished","steps":[],"attachments":[],"parameters":[],"start":1768601771915,"stop":1768601772102},{"name":"Then Admin receives StatusCode with statusText \"GetProgramByvalidID\" for Program","status":"failed","statusDetails":{"known":false,"muted":false,"flaky":false,"message":"Status code does not match! expected [200] but found [400]","trace":"java.lang.AssertionError: Status code does not match! expected [200] but found [400]\n\tat org.testng.Assert.fail(Assert.java:111)\n\tat org.testng.Assert.failNotEquals(Assert.java:1590)\n\tat org.testng.Assert.assertEqualsImpl(Assert.java:150)\n\tat org.testng.Assert.assertEquals(Assert.java:132)\n\tat org.testng.Assert.assertEquals(Assert.java:1431)\n\tat org.testng.Assert.assertEquals(Assert.java:1395)\n\tat stepDefinitions.ProgramStepDefinition.admin_receives_status_code_with_status_text_for_program(ProgramStepDefinition.java:53)\n\tat ✽.Admin receives StatusCode with statusText \"GetProgramByvalidID\" for Program(file:///Users/dineshdeshmukh/eclipse-workspace/Team05APISquadHackathon/src/test/resources/Feature/04ProgramModule.feature:59)\n"},"stage":"finished","steps":[],"attachments":[],"parameters":[],"start":1768601772103,"stop":1768601772104},{"name":"And Admin receives Response Body for the given programId","status":"skipped","statusDetails":{"known":false,"muted":false,"flaky":false},"stage":"finished","steps":[],"attachments":[],"parameters":[],"start":1768601772104,"stop":1768601772104}],"attachments":[],"parameters":[{"name":"Scenario","value":"GetProgramByvalidID"}],"start":1768601771706,"stop":1768601772107}