{"uuid":"84b85ed0-0dc1-470e-a8fd-5cb066609337","historyId":"dd93c5052a94ae6bf67681e88734436d","testCaseId":"ebfcacdac68c0e297c80b7c24ed9379e","fullName":"src/test/resources/Feature/03UserForgotPassword.feature:15","labels":[{"name":"tag","value":"UserLoginModule1"},{"name":"tag","value":"ForgotPassword"},{"name":"host","value":"Dineshs-MacBook-Pro.local"},{"name":"thread","value":"33294@Dineshs-MacBook-Pro.local.main(1)"},{"name":"feature","value":"User Controller Operations"},{"name":"story","value":"Admin forgot password"},{"name":"suite","value":"User Controller Operations"},{"name":"testClass","value":"Admin forgot password"},{"name":"framework","value":"cucumber4jvm"},{"name":"language","value":"java"},{"name":"gherkin_uri","value":"file:///Users/dineshdeshmukh/eclipse-workspace/Team05APISquadHackathon/src/test/resources/Feature/03UserForgotPassword.feature"},{"name":"package","value":"src.test.resources.Feature.03UserForgotPassword_feature.User Controller Operations"}],"links":[],"name":"Admin forgot password","status":"failed","statusDetails":{"known":false,"muted":false,"flaky":false,"message":"Status Code Mismatch! expected [201] but found [400]","trace":"java.lang.AssertionError: Status Code Mismatch! expected [201] but found [400]\n\tat org.testng.Assert.fail(Assert.java:111)\n\tat org.testng.Assert.failNotEquals(Assert.java:1590)\n\tat org.testng.Assert.assertEqualsImpl(Assert.java:150)\n\tat org.testng.Assert.assertEquals(Assert.java:132)\n\tat org.testng.Assert.assertEquals(Assert.java:1431)\n\tat org.testng.Assert.assertEquals(Assert.java:1395)\n\tat stepDefinitions.UserLoginSteps.admin_validates_response(UserLoginSteps.java:33)\n\tat ✽.Admin validates response(file:///Users/dineshdeshmukh/eclipse-workspace/Team05APISquadHackathon/src/test/resources/Feature/03UserForgotPassword.feature:11)\n"},"stage":"finished","steps":[{"name":"Given Admin sets No Auth","status":"passed","statusDetails":{"known":false,"muted":false,"flaky":false},"stage":"finished","steps":[],"attachments":[],"parameters":[],"start":1768572825151,"stop":1768572825321},{"name":"Given Admin creates forgot password request with \"valid email\"","status":"passed","statusDetails":{"known":false,"muted":false,"flaky":false},"stage":"finished","steps":[],"attachments":[],"parameters":[],"start":1768572825324,"stop":1768572826836},{"name":"When Admin calls login HTTPS method with endpoint","status":"passed","statusDetails":{"known":false,"muted":false,"flaky":false},"stage":"finished","steps":[],"attachments":[],"parameters":[],"start":1768572826837,"stop":1768572827711},{"name":"Then Admin validates response","status":"failed","statusDetails":{"known":false,"muted":false,"flaky":false,"message":"Status Code Mismatch! expected [201] but found [400]","trace":"java.lang.AssertionError: Status Code Mismatch! expected [201] but found [400]\n\tat org.testng.Assert.fail(Assert.java:111)\n\tat org.testng.Assert.failNotEquals(Assert.java:1590)\n\tat org.testng.Assert.assertEqualsImpl(Assert.java:150)\n\tat org.testng.Assert.assertEquals(Assert.java:132)\n\tat org.testng.Assert.assertEquals(Assert.java:1431)\n\tat org.testng.Assert.assertEquals(Assert.java:1395)\n\tat stepDefinitions.UserLoginSteps.admin_validates_response(UserLoginSteps.java:33)\n\tat ✽.Admin validates response(file:///Users/dineshdeshmukh/eclipse-workspace/Team05APISquadHackathon/src/test/resources/Feature/03UserForgotPassword.feature:11)\n"},"stage":"finished","steps":[],"attachments":[],"parameters":[],"start":1768572827712,"stop":1768572827719}],"attachments":[],"parameters":[{"name":"ScenarioName","value":"valid email"}],"start":1768572824691,"stop":1768572827726}