{"uuid":"85b49699-cdad-4847-b0f0-1b7af4db76c4","historyId":"3d59a77d66b1fccb6185bbd75a2c4f62","testCaseId":"4e7db04933403cd036d4ff4fc8a8d2c7","fullName":"src/test/resources/Feature/04ProgramModule.feature:23","labels":[{"name":"tag","value":"program"},{"name":"tag","value":"postProgram"},{"name":"host","value":"Dineshs-MacBook-Pro.local"},{"name":"thread","value":"42322@Dineshs-MacBook-Pro.local.main(1)"},{"name":"feature","value":"Validating Program Module API"},{"name":"story","value":"Check if admin is able to create program with valid/invalid details"},{"name":"suite","value":"Validating Program Module API"},{"name":"testClass","value":"Check if admin is able to create program with valid/invalid details"},{"name":"framework","value":"cucumber4jvm"},{"name":"language","value":"java"},{"name":"gherkin_uri","value":"file:///Users/dineshdeshmukh/eclipse-workspace/Team05APISquadHackathon/src/test/resources/Feature/04ProgramModule.feature"},{"name":"package","value":"src.test.resources.Feature.04ProgramModule_feature.Validating Program Module API"}],"links":[],"name":"Check if admin is able to create program with valid/invalid details","status":"failed","statusDetails":{"known":false,"muted":false,"flaky":false,"message":"Status code does not match! expected [201] but found [400]","trace":"java.lang.AssertionError: Status code does not match! expected [201] but found [400]\n\tat org.testng.Assert.fail(Assert.java:111)\n\tat org.testng.Assert.failNotEquals(Assert.java:1590)\n\tat org.testng.Assert.assertEqualsImpl(Assert.java:150)\n\tat org.testng.Assert.assertEquals(Assert.java:132)\n\tat org.testng.Assert.assertEquals(Assert.java:1431)\n\tat org.testng.Assert.assertEquals(Assert.java:1395)\n\tat stepDefinitions.ProgramStepDefinition.admin_receives_status_code_with_status_text_for_program(ProgramStepDefinition.java:53)\n\tat ✽.Admin receives StatusCode with statusText \"Valid Details\" for Program(file:///Users/dineshdeshmukh/eclipse-workspace/Team05APISquadHackathon/src/test/resources/Feature/04ProgramModule.feature:11)\n"},"stage":"finished","steps":[{"name":"Given Admin set Authorization to Bearer token","status":"passed","statusDetails":{"known":false,"muted":false,"flaky":false},"stage":"finished","steps":[],"attachments":[],"parameters":[],"start":1768601764086,"stop":1768601764087},{"name":"Given Admin creates Program for the LMS with request body \"Valid Details\"","status":"passed","statusDetails":{"known":false,"muted":false,"flaky":false},"stage":"finished","steps":[],"attachments":[],"parameters":[],"start":1768601764088,"stop":1768601764330},{"name":"When Admin sends Post HTTPS Request and request Body with endpoint for Program","status":"passed","statusDetails":{"known":false,"muted":false,"flaky":false},"stage":"finished","steps":[],"attachments":[],"parameters":[],"start":1768601764331,"stop":1768601764499},{"name":"Then Admin receives StatusCode with statusText \"Valid Details\" for Program","status":"failed","statusDetails":{"known":false,"muted":false,"flaky":false,"message":"Status code does not match! expected [201] but found [400]","trace":"java.lang.AssertionError: Status code does not match! expected [201] but found [400]\n\tat org.testng.Assert.fail(Assert.java:111)\n\tat org.testng.Assert.failNotEquals(Assert.java:1590)\n\tat org.testng.Assert.assertEqualsImpl(Assert.java:150)\n\tat org.testng.Assert.assertEquals(Assert.java:132)\n\tat org.testng.Assert.assertEquals(Assert.java:1431)\n\tat org.testng.Assert.assertEquals(Assert.java:1395)\n\tat stepDefinitions.ProgramStepDefinition.admin_receives_status_code_with_status_text_for_program(ProgramStepDefinition.java:53)\n\tat ✽.Admin receives StatusCode with statusText \"Valid Details\" for Program(file:///Users/dineshdeshmukh/eclipse-workspace/Team05APISquadHackathon/src/test/resources/Feature/04ProgramModule.feature:11)\n"},"stage":"finished","steps":[],"attachments":[],"parameters":[],"start":1768601764500,"stop":1768601764507}],"attachments":[],"parameters":[{"name":"Scenario","value":"Valid Details"}],"start":1768601764082,"stop":1768601764513}