{"uuid":"a8a11ff4-426e-4917-b3b9-4d8e407fd330","historyId":"65643893c5ff4bd367df883d3aec572c","testCaseId":"ebfcacdac68c0e297c80b7c24ed9379e","fullName":"src/test/resources/Feature/03UserForgotPassword.feature:17","labels":[{"name":"tag","value":"UserLoginModule1"},{"name":"tag","value":"ForgotPassword"},{"name":"host","value":"Dineshs-MacBook-Pro.local"},{"name":"thread","value":"33457@Dineshs-MacBook-Pro.local.main(1)"},{"name":"feature","value":"User Controller Operations"},{"name":"story","value":"Admin forgot password"},{"name":"suite","value":"User Controller Operations"},{"name":"testClass","value":"Admin forgot password"},{"name":"framework","value":"cucumber4jvm"},{"name":"language","value":"java"},{"name":"gherkin_uri","value":"file:///Users/dineshdeshmukh/eclipse-workspace/Team05APISquadHackathon/src/test/resources/Feature/03UserForgotPassword.feature"},{"name":"package","value":"src.test.resources.Feature.03UserForgotPassword_feature.User Controller Operations"}],"links":[],"name":"Admin forgot password","status":"failed","statusDetails":{"known":false,"muted":false,"flaky":false,"message":"Status Code Mismatch! expected [401] but found [400]","trace":"java.lang.AssertionError: Status Code Mismatch! expected [401] but found [400]\n\tat org.testng.Assert.fail(Assert.java:111)\n\tat org.testng.Assert.failNotEquals(Assert.java:1590)\n\tat org.testng.Assert.assertEqualsImpl(Assert.java:150)\n\tat org.testng.Assert.assertEquals(Assert.java:132)\n\tat org.testng.Assert.assertEquals(Assert.java:1431)\n\tat org.testng.Assert.assertEquals(Assert.java:1395)\n\tat stepDefinitions.UserLoginSteps.admin_validates_response(UserLoginSteps.java:33)\n\tat ✽.Admin validates response(file:///Users/dineshdeshmukh/eclipse-workspace/Team05APISquadHackathon/src/test/resources/Feature/03UserForgotPassword.feature:11)\n"},"stage":"finished","steps":[{"name":"Given Admin sets No Auth","status":"passed","statusDetails":{"known":false,"muted":false,"flaky":false},"stage":"finished","steps":[],"attachments":[],"parameters":[],"start":1768573308212,"stop":1768573308213},{"name":"Given Admin creates forgot password request with \"invalid email\"","status":"passed","statusDetails":{"known":false,"muted":false,"flaky":false},"stage":"finished","steps":[],"attachments":[],"parameters":[],"start":1768573308213,"stop":1768573308404},{"name":"When Admin calls login HTTPS method with endpoint","status":"passed","statusDetails":{"known":false,"muted":false,"flaky":false},"stage":"finished","steps":[],"attachments":[],"parameters":[],"start":1768573308405,"stop":1768573308584},{"name":"Then Admin validates response","status":"failed","statusDetails":{"known":false,"muted":false,"flaky":false,"message":"Status Code Mismatch! expected [401] but found [400]","trace":"java.lang.AssertionError: Status Code Mismatch! expected [401] but found [400]\n\tat org.testng.Assert.fail(Assert.java:111)\n\tat org.testng.Assert.failNotEquals(Assert.java:1590)\n\tat org.testng.Assert.assertEqualsImpl(Assert.java:150)\n\tat org.testng.Assert.assertEquals(Assert.java:132)\n\tat org.testng.Assert.assertEquals(Assert.java:1431)\n\tat org.testng.Assert.assertEquals(Assert.java:1395)\n\tat stepDefinitions.UserLoginSteps.admin_validates_response(UserLoginSteps.java:33)\n\tat ✽.Admin validates response(file:///Users/dineshdeshmukh/eclipse-workspace/Team05APISquadHackathon/src/test/resources/Feature/03UserForgotPassword.feature:11)\n"},"stage":"finished","steps":[],"attachments":[],"parameters":[],"start":1768573308585,"stop":1768573308589}],"attachments":[],"parameters":[{"name":"ScenarioName","value":"invalid email"}],"start":1768573308209,"stop":1768573308593}