{"uuid":"b8790111-52f8-4709-9917-0cf17de16c55","historyId":"aa94ab53c23826163147f4880088b89e","testCaseId":"ebfcacdac68c0e297c80b7c24ed9379e","fullName":"src/test/resources/Feature/03UserForgotPassword.feature:19","labels":[{"name":"tag","value":"UserLoginModule1"},{"name":"tag","value":"ForgotPassword"},{"name":"host","value":"Dineshs-MacBook-Pro.local"},{"name":"thread","value":"33364@Dineshs-MacBook-Pro.local.main(1)"},{"name":"feature","value":"User Controller Operations"},{"name":"story","value":"Admin forgot password"},{"name":"suite","value":"User Controller Operations"},{"name":"testClass","value":"Admin forgot password"},{"name":"framework","value":"cucumber4jvm"},{"name":"language","value":"java"},{"name":"gherkin_uri","value":"file:///Users/dineshdeshmukh/eclipse-workspace/Team05APISquadHackathon/src/test/resources/Feature/03UserForgotPassword.feature"},{"name":"package","value":"src.test.resources.Feature.03UserForgotPassword_feature.User Controller Operations"}],"links":[],"name":"Admin forgot password","status":"failed","statusDetails":{"known":false,"muted":false,"flaky":false,"message":"Status Code Mismatch! expected [415] but found [400]","trace":"java.lang.AssertionError: Status Code Mismatch! expected [415] but found [400]\n\tat org.testng.Assert.fail(Assert.java:111)\n\tat org.testng.Assert.failNotEquals(Assert.java:1590)\n\tat org.testng.Assert.assertEqualsImpl(Assert.java:150)\n\tat org.testng.Assert.assertEquals(Assert.java:132)\n\tat org.testng.Assert.assertEquals(Assert.java:1431)\n\tat org.testng.Assert.assertEquals(Assert.java:1395)\n\tat stepDefinitions.UserLoginSteps.admin_validates_response(UserLoginSteps.java:33)\n\tat ✽.Admin validates response(file:///Users/dineshdeshmukh/eclipse-workspace/Team05APISquadHackathon/src/test/resources/Feature/03UserForgotPassword.feature:11)\n"},"stage":"finished","steps":[{"name":"Given Admin sets No Auth","status":"passed","statusDetails":{"known":false,"muted":false,"flaky":false},"stage":"finished","steps":[],"attachments":[],"parameters":[],"start":1768573055417,"stop":1768573055418},{"name":"Given Admin creates forgot password request with \"invalid content\"","status":"passed","statusDetails":{"known":false,"muted":false,"flaky":false},"stage":"finished","steps":[],"attachments":[],"parameters":[],"start":1768573055419,"stop":1768573055635},{"name":"When Admin calls login HTTPS method with endpoint","status":"passed","statusDetails":{"known":false,"muted":false,"flaky":false},"stage":"finished","steps":[],"attachments":[],"parameters":[],"start":1768573055636,"stop":1768573055805},{"name":"Then Admin validates response","status":"failed","statusDetails":{"known":false,"muted":false,"flaky":false,"message":"Status Code Mismatch! expected [415] but found [400]","trace":"java.lang.AssertionError: Status Code Mismatch! expected [415] but found [400]\n\tat org.testng.Assert.fail(Assert.java:111)\n\tat org.testng.Assert.failNotEquals(Assert.java:1590)\n\tat org.testng.Assert.assertEqualsImpl(Assert.java:150)\n\tat org.testng.Assert.assertEquals(Assert.java:132)\n\tat org.testng.Assert.assertEquals(Assert.java:1431)\n\tat org.testng.Assert.assertEquals(Assert.java:1395)\n\tat stepDefinitions.UserLoginSteps.admin_validates_response(UserLoginSteps.java:33)\n\tat ✽.Admin validates response(file:///Users/dineshdeshmukh/eclipse-workspace/Team05APISquadHackathon/src/test/resources/Feature/03UserForgotPassword.feature:11)\n"},"stage":"finished","steps":[],"attachments":[],"parameters":[],"start":1768573055805,"stop":1768573055806}],"attachments":[],"parameters":[{"name":"ScenarioName","value":"invalid content"}],"start":1768573055414,"stop":1768573055810}