{"uuid":"c0484524-707d-453f-876c-3dcc3c038431","historyId":"4ced9c9ebb3d198065c4849d9c85fb49","testCaseId":"48028a743f23d6a88f213e80424392d5","fullName":"src/test/resources/Feature/01UserLoginModule.feature:19","labels":[{"name":"tag","value":"UserLogin"},{"name":"tag","value":"UserLogin"},{"name":"host","value":"Dineshs-MacBook-Pro.local"},{"name":"thread","value":"40265@Dineshs-MacBook-Pro.local.main(1)"},{"name":"feature","value":"Admin Login Controller"},{"name":"story","value":"Admin login token generation"},{"name":"suite","value":"Admin Login Controller"},{"name":"testClass","value":"Admin login token generation"},{"name":"framework","value":"cucumber4jvm"},{"name":"language","value":"java"},{"name":"gherkin_uri","value":"file:///Users/dineshdeshmukh/eclipse-workspace/Team05APISquadHackathon/src/test/resources/Feature/01UserLoginModule.feature"},{"name":"package","value":"src.test.resources.Feature.01UserLoginModule_feature.Admin Login Controller"}],"links":[],"name":"Admin login token generation","status":"failed","statusDetails":{"known":false,"muted":false,"flaky":false,"message":"Status Code Mismatch! expected [401] but found [400]","trace":"java.lang.AssertionError: Status Code Mismatch! expected [401] but found [400]\n\tat org.testng.Assert.fail(Assert.java:111)\n\tat org.testng.Assert.failNotEquals(Assert.java:1590)\n\tat org.testng.Assert.assertEqualsImpl(Assert.java:150)\n\tat org.testng.Assert.assertEquals(Assert.java:132)\n\tat org.testng.Assert.assertEquals(Assert.java:1431)\n\tat org.testng.Assert.assertEquals(Assert.java:1395)\n\tat stepDefinitions.UserLoginSteps.admin_validates_response(UserLoginSteps.java:35)\n\tat ✽.Admin validates response(file:///Users/dineshdeshmukh/eclipse-workspace/Team05APISquadHackathon/src/test/resources/Feature/01UserLoginModule.feature:13)\n"},"stage":"finished","steps":[{"name":"Given Admin sets No Auth","status":"passed","statusDetails":{"known":false,"muted":false,"flaky":false},"stage":"finished","steps":[],"attachments":[],"parameters":[],"start":1768598169658,"stop":1768598169660},{"name":"Given Admin creates request with \"special chars in email\"","status":"passed","statusDetails":{"known":false,"muted":false,"flaky":false},"stage":"finished","steps":[],"attachments":[],"parameters":[],"start":1768598169660,"stop":1768598170032},{"name":"When Admin calls login HTTPS method with endpoint","status":"passed","statusDetails":{"known":false,"muted":false,"flaky":false},"stage":"finished","steps":[],"attachments":[],"parameters":[],"start":1768598170033,"stop":1768598170222},{"name":"Then Admin validates response","status":"failed","statusDetails":{"known":false,"muted":false,"flaky":false,"message":"Status Code Mismatch! expected [401] but found [400]","trace":"java.lang.AssertionError: Status Code Mismatch! expected [401] but found [400]\n\tat org.testng.Assert.fail(Assert.java:111)\n\tat org.testng.Assert.failNotEquals(Assert.java:1590)\n\tat org.testng.Assert.assertEqualsImpl(Assert.java:150)\n\tat org.testng.Assert.assertEquals(Assert.java:132)\n\tat org.testng.Assert.assertEquals(Assert.java:1431)\n\tat org.testng.Assert.assertEquals(Assert.java:1395)\n\tat stepDefinitions.UserLoginSteps.admin_validates_response(UserLoginSteps.java:35)\n\tat ✽.Admin validates response(file:///Users/dineshdeshmukh/eclipse-workspace/Team05APISquadHackathon/src/test/resources/Feature/01UserLoginModule.feature:13)\n"},"stage":"finished","steps":[],"attachments":[],"parameters":[],"start":1768598170222,"stop":1768598170224}],"attachments":[],"parameters":[{"name":"ScenarioName","value":"special chars in email"}],"start":1768598169654,"stop":1768598170227}