{"uuid":"d274b8c0-06be-4dac-b23d-2423035eb449","historyId":"13d60586a4567b3c28669df9427de765","testCaseId":"48028a743f23d6a88f213e80424392d5","fullName":"src/test/resources/Feature/01UserLoginModule.feature:23","labels":[{"name":"tag","value":"UserLogin"},{"name":"tag","value":"UserLogin"},{"name":"host","value":"Dineshs-MacBook-Pro.local"},{"name":"thread","value":"40115@Dineshs-MacBook-Pro.local.main(1)"},{"name":"feature","value":"Admin Login Controller"},{"name":"story","value":"Admin login token generation"},{"name":"suite","value":"Admin Login Controller"},{"name":"testClass","value":"Admin login token generation"},{"name":"framework","value":"cucumber4jvm"},{"name":"language","value":"java"},{"name":"gherkin_uri","value":"file:///Users/dineshdeshmukh/eclipse-workspace/Team05APISquadHackathon/src/test/resources/Feature/01UserLoginModule.feature"},{"name":"package","value":"src.test.resources.Feature.01UserLoginModule_feature.Admin Login Controller"}],"links":[],"name":"Admin login token generation","status":"failed","statusDetails":{"known":false,"muted":false,"flaky":false,"message":"Status Code Mismatch! expected [401] but found [400]","trace":"java.lang.AssertionError: Status Code Mismatch! expected [401] but found [400]\n\tat org.testng.Assert.fail(Assert.java:111)\n\tat org.testng.Assert.failNotEquals(Assert.java:1590)\n\tat org.testng.Assert.assertEqualsImpl(Assert.java:150)\n\tat org.testng.Assert.assertEquals(Assert.java:132)\n\tat org.testng.Assert.assertEquals(Assert.java:1431)\n\tat org.testng.Assert.assertEquals(Assert.java:1395)\n\tat stepDefinitions.UserLoginSteps.admin_validates_response(UserLoginSteps.java:35)\n\tat ✽.Admin validates response(file:///Users/dineshdeshmukh/eclipse-workspace/Team05APISquadHackathon/src/test/resources/Feature/01UserLoginModule.feature:13)\n"},"stage":"finished","steps":[{"name":"Given Admin sets No Auth","status":"passed","statusDetails":{"known":false,"muted":false,"flaky":false},"stage":"finished","steps":[],"attachments":[],"parameters":[],"start":1768597801689,"stop":1768597801690},{"name":"Given Admin creates request with \"null password\"","status":"passed","statusDetails":{"known":false,"muted":false,"flaky":false},"stage":"finished","steps":[],"attachments":[],"parameters":[],"start":1768597801691,"stop":1768597801969},{"name":"When Admin calls login HTTPS method with endpoint","status":"passed","statusDetails":{"known":false,"muted":false,"flaky":false},"stage":"finished","steps":[],"attachments":[],"parameters":[],"start":1768597801970,"stop":1768597802149},{"name":"Then Admin validates response","status":"failed","statusDetails":{"known":false,"muted":false,"flaky":false,"message":"Status Code Mismatch! expected [401] but found [400]","trace":"java.lang.AssertionError: Status Code Mismatch! expected [401] but found [400]\n\tat org.testng.Assert.fail(Assert.java:111)\n\tat org.testng.Assert.failNotEquals(Assert.java:1590)\n\tat org.testng.Assert.assertEqualsImpl(Assert.java:150)\n\tat org.testng.Assert.assertEquals(Assert.java:132)\n\tat org.testng.Assert.assertEquals(Assert.java:1431)\n\tat org.testng.Assert.assertEquals(Assert.java:1395)\n\tat stepDefinitions.UserLoginSteps.admin_validates_response(UserLoginSteps.java:35)\n\tat ✽.Admin validates response(file:///Users/dineshdeshmukh/eclipse-workspace/Team05APISquadHackathon/src/test/resources/Feature/01UserLoginModule.feature:13)\n"},"stage":"finished","steps":[],"attachments":[],"parameters":[],"start":1768597802150,"stop":1768597802151}],"attachments":[],"parameters":[{"name":"ScenarioName","value":"null password"}],"start":1768597801686,"stop":1768597802154}