{"uuid":"f3aabc9f-4337-4599-b8ea-e328c884c0e8","historyId":"12f958927f9a6298cac439d496e92d6","testCaseId":"49f83a8a648160a992b3040a710ca45d","fullName":"src/test/resources/Feature/04ProgramModule.feature:52","labels":[{"name":"tag","value":"program"},{"name":"tag","value":"getAllProgramWithUsers"},{"name":"host","value":"Dineshs-MacBook-Pro.local"},{"name":"thread","value":"42322@Dineshs-MacBook-Pro.local.main(1)"},{"name":"feature","value":"Validating Program Module API"},{"name":"story","value":"Check if admin is able to GetAllProgramwithUsers with valid/invalid details"},{"name":"suite","value":"Validating Program Module API"},{"name":"testClass","value":"Check if admin is able to GetAllProgramwithUsers with valid/invalid details"},{"name":"framework","value":"cucumber4jvm"},{"name":"language","value":"java"},{"name":"gherkin_uri","value":"file:///Users/dineshdeshmukh/eclipse-workspace/Team05APISquadHackathon/src/test/resources/Feature/04ProgramModule.feature"},{"name":"package","value":"src.test.resources.Feature.04ProgramModule_feature.Validating Program Module API"}],"links":[],"name":"Check if admin is able to GetAllProgramwithUsers with valid/invalid details","status":"broken","statusDetails":{"known":false,"muted":false,"flaky":false,"message":"com.github.fge.jsonschema.core.exceptions.ProcessingException: fatal: content at URI \"file:/Users/dineshdeshmukh/eclipse-workspace/Team05APISquadHackathon/target/test-classes/schema/getAllProgramUsersSchema.json#\" is not valid JSON\n    level: \"fatal\"\n    uri: \"file:/Users/dineshdeshmukh/eclipse-workspace/Team05APISquadHackathon/target/test-classes/schema/getAllProgramUsersSchema.json#\"\n    parsingMessage: \"Unexpected character ('<' (code 60)): was expecting comma to separate Object entries\"\n","trace":"io.restassured.module.jsv.JsonSchemaValidationException: com.github.fge.jsonschema.core.exceptions.ProcessingException: fatal: content at URI \"file:/Users/dineshdeshmukh/eclipse-workspace/Team05APISquadHackathon/target/test-classes/schema/getAllProgramUsersSchema.json#\" is not valid JSON\n    level: \"fatal\"\n    uri: \"file:/Users/dineshdeshmukh/eclipse-workspace/Team05APISquadHackathon/target/test-classes/schema/getAllProgramUsersSchema.json#\"\n    parsingMessage: \"Unexpected character ('<' (code 60)): was expecting comma to separate Object entries\"\n\n\tat io.restassured.module.jsv.JsonSchemaValidator.matchesSafely(JsonSchemaValidator.java:233)\n\tat io.restassured.module.jsv.JsonSchemaValidator.matchesSafely(JsonSchemaValidator.java:75)\n\tat org.hamcrest.TypeSafeMatcher.matches(TypeSafeMatcher.java:83)\n\tat io.restassured.internal.assertion.BodyMatcher.validate(BodyMatcher.java:82)\n\tat io.restassured.internal.assertion.BodyMatcherGroup.lambda$validate$0(BodyMatcherGroup.java:30)\n\tat java.base/java.util.stream.ReferencePipeline$3$1.accept(ReferencePipeline.java:215)\n\tat java.base/java.util.ArrayList$ArrayListSpliterator.forEachRemaining(ArrayList.java:1709)\n\tat java.base/java.util.stream.AbstractPipeline.copyInto(AbstractPipeline.java:570)\n\tat java.base/java.util.stream.AbstractPipeline.wrapAndCopyInto(AbstractPipeline.java:560)\n\tat java.base/java.util.stream.ReduceOps$ReduceOp.evaluateSequential(ReduceOps.java:921)\n\tat java.base/java.util.stream.AbstractPipeline.evaluate(AbstractPipeline.java:265)\n\tat java.base/java.util.stream.ReferencePipeline.collect(ReferencePipeline.java:727)\n\tat io.restassured.internal.assertion.BodyMatcherGroup.validate(BodyMatcherGroup.java:30)\n\tat io.restassured.internal.assertion.BodyMatcherGroup$validate$3.call(Unknown Source)\n\tat io.restassured.internal.ResponseSpecificationImpl$HamcrestAssertionClosure.validate(ResponseSpecificationImpl.groovy:499)\n\tat io.restassured.internal.ResponseSpecificationImpl$HamcrestAssertionClosure$validate$1.call(Unknown Source)\n\tat io.restassured.internal.ResponseSpecificationImpl.validateResponseIfRequired(ResponseSpecificationImpl.groovy:696)\n\tat io.restassured.internal.ResponseSpecificationImpl.this$2$validateResponseIfRequired(ResponseSpecificationImpl.groovy)\n\tat java.base/jdk.internal.reflect.DirectMethodHandleAccessor.invoke(DirectMethodHandleAccessor.java:103)\n\tat java.base/java.lang.reflect.Method.invoke(Method.java:580)\n\tat org.codehaus.groovy.runtime.callsite.PlainObjectMetaMethodSite.doInvoke(PlainObjectMetaMethodSite.java:43)\n\tat org.codehaus.groovy.runtime.callsite.PogoMetaMethodSite$PogoCachedMethodSiteNoUnwrapNoCoerce.invoke(PogoMetaMethodSite.java:198)\n\tat org.codehaus.groovy.runtime.callsite.PogoMetaMethodSite.callCurrent(PogoMetaMethodSite.java:62)\n\tat org.codehaus.groovy.runtime.callsite.AbstractCallSite.callCurrent(AbstractCallSite.java:185)\n\tat io.restassured.internal.ResponseSpecificationImpl.body(ResponseSpecificationImpl.groovy:107)\n\tat io.restassured.internal.ValidatableResponseOptionsImpl.body(ValidatableResponseOptionsImpl.java:238)\n\tat utilities.CommonUtils.validateResponseSchema(CommonUtils.java:75)\n\tat requests.ProgramRequest.validateGetAllProgramUsersResponseBody(ProgramRequest.java:164)\n\tat stepDefinitions.ProgramStepDefinition.admin_recives_all_programs_with_users(ProgramStepDefinition.java:127)\n\tat ✽.Admin recives all Programs with users \"GetAllProgramUsersValid\"(file:///Users/dineshdeshmukh/eclipse-workspace/Team05APISquadHackathon/src/test/resources/Feature/04ProgramModule.feature:45)\nCaused by: com.github.fge.jsonschema.core.exceptions.ProcessingException: fatal: content at URI \"file:/Users/dineshdeshmukh/eclipse-workspace/Team05APISquadHackathon/target/test-classes/schema/getAllProgramUsersSchema.json#\" is not valid JSON\n    level: \"fatal\"\n    uri: \"file:/Users/dineshdeshmukh/eclipse-workspace/Team05APISquadHackathon/target/test-classes/schema/getAllProgramUsersSchema.json#\"\n    parsingMessage: \"Unexpected character ('<' (code 60)): was expecting comma to separate Object entries\"\n\n\tat com.github.fge.jsonschema.core.load.URIManager.getContent(URIManager.java:113)\n\tat com.github.fge.jsonschema.core.load.SchemaLoader$1.load(SchemaLoader.java:114)\n\tat com.github.fge.jsonschema.core.load.SchemaLoader$1.load(SchemaLoader.java:108)\n\tat com.google.common.cache.LocalCache$LoadingValueReference.loadFuture(LocalCache.java:3574)\n\tat com.google.common.cache.LocalCache$Segment.loadSync(LocalCache.java:2316)\n\tat com.google.common.cache.LocalCache$Segment.lockedGetOrLoad(LocalCache.java:2189)\n\tat com.google.common.cache.LocalCache$Segment.get(LocalCache.java:2079)\n\tat com.google.common.cache.LocalCache.get(LocalCache.java:4017)\n\tat com.google.common.cache.LocalCache.getOrLoad(LocalCache.java:4040)\n\tat com.google.common.cache.LocalCache$LocalLoadingCache.get(LocalCache.java:4989)\n\tat com.github.fge.jsonschema.core.load.SchemaLoader.get(SchemaLoader.java:171)\n\tat com.github.fge.jsonschema.main.JsonValidator.buildJsonSchema(JsonValidator.java:211)\n\tat com.github.fge.jsonschema.main.JsonSchemaFactory.getJsonSchema(JsonSchemaFactory.java:224)\n\tat io.restassured.module.jsv.JsonSchemaValidator.matchesSafely(JsonSchemaValidator.java:221)\n\t... 29 more\n"},"stage":"finished","steps":[{"name":"Given Admin set Authorization to Bearer token","status":"passed","statusDetails":{"known":false,"muted":false,"flaky":false},"stage":"finished","steps":[],"attachments":[],"parameters":[],"start":1768601769286,"stop":1768601769287},{"name":"Given Admin sends Get Request Program for the LMS with request body \"GetAllProgramUsersValid\"","status":"passed","statusDetails":{"known":false,"muted":false,"flaky":false},"stage":"finished","steps":[],"attachments":[],"parameters":[],"start":1768601769287,"stop":1768601769547},{"name":"When Admin sends Get HTTPS Request and request Body with \"endpoint\" endpoint for Program","status":"passed","statusDetails":{"known":false,"muted":false,"flaky":false},"stage":"finished","steps":[],"attachments":[],"parameters":[],"start":1768601769548,"stop":1768601769805},{"name":"Then Admin receives the StatusCode with statusText \"GetAllProgramUsersValid\" for Program","status":"passed","statusDetails":{"known":false,"muted":false,"flaky":false},"stage":"finished","steps":[],"attachments":[],"parameters":[],"start":1768601769806,"stop":1768601769806},{"name":"And Admin recives all Programs with users \"GetAllProgramUsersValid\"","status":"broken","statusDetails":{"known":false,"muted":false,"flaky":false,"message":"com.github.fge.jsonschema.core.exceptions.ProcessingException: fatal: content at URI \"file:/Users/dineshdeshmukh/eclipse-workspace/Team05APISquadHackathon/target/test-classes/schema/getAllProgramUsersSchema.json#\" is not valid JSON\n    level: \"fatal\"\n    uri: \"file:/Users/dineshdeshmukh/eclipse-workspace/Team05APISquadHackathon/target/test-classes/schema/getAllProgramUsersSchema.json#\"\n    parsingMessage: \"Unexpected character ('<' (code 60)): was expecting comma to separate Object entries\"\n","trace":"io.restassured.module.jsv.JsonSchemaValidationException: com.github.fge.jsonschema.core.exceptions.ProcessingException: fatal: content at URI \"file:/Users/dineshdeshmukh/eclipse-workspace/Team05APISquadHackathon/target/test-classes/schema/getAllProgramUsersSchema.json#\" is not valid JSON\n    level: \"fatal\"\n    uri: \"file:/Users/dineshdeshmukh/eclipse-workspace/Team05APISquadHackathon/target/test-classes/schema/getAllProgramUsersSchema.json#\"\n    parsingMessage: \"Unexpected character ('<' (code 60)): was expecting comma to separate Object entries\"\n\n\tat io.restassured.module.jsv.JsonSchemaValidator.matchesSafely(JsonSchemaValidator.java:233)\n\tat io.restassured.module.jsv.JsonSchemaValidator.matchesSafely(JsonSchemaValidator.java:75)\n\tat org.hamcrest.TypeSafeMatcher.matches(TypeSafeMatcher.java:83)\n\tat io.restassured.internal.assertion.BodyMatcher.validate(BodyMatcher.java:82)\n\tat io.restassured.internal.assertion.BodyMatcherGroup.lambda$validate$0(BodyMatcherGroup.java:30)\n\tat java.base/java.util.stream.ReferencePipeline$3$1.accept(ReferencePipeline.java:215)\n\tat java.base/java.util.ArrayList$ArrayListSpliterator.forEachRemaining(ArrayList.java:1709)\n\tat java.base/java.util.stream.AbstractPipeline.copyInto(AbstractPipeline.java:570)\n\tat java.base/java.util.stream.AbstractPipeline.wrapAndCopyInto(AbstractPipeline.java:560)\n\tat java.base/java.util.stream.ReduceOps$ReduceOp.evaluateSequential(ReduceOps.java:921)\n\tat java.base/java.util.stream.AbstractPipeline.evaluate(AbstractPipeline.java:265)\n\tat java.base/java.util.stream.ReferencePipeline.collect(ReferencePipeline.java:727)\n\tat io.restassured.internal.assertion.BodyMatcherGroup.validate(BodyMatcherGroup.java:30)\n\tat io.restassured.internal.assertion.BodyMatcherGroup$validate$3.call(Unknown Source)\n\tat io.restassured.internal.ResponseSpecificationImpl$HamcrestAssertionClosure.validate(ResponseSpecificationImpl.groovy:499)\n\tat io.restassured.internal.ResponseSpecificationImpl$HamcrestAssertionClosure$validate$1.call(Unknown Source)\n\tat io.restassured.internal.ResponseSpecificationImpl.validateResponseIfRequired(ResponseSpecificationImpl.groovy:696)\n\tat io.restassured.internal.ResponseSpecificationImpl.this$2$validateResponseIfRequired(ResponseSpecificationImpl.groovy)\n\tat java.base/jdk.internal.reflect.DirectMethodHandleAccessor.invoke(DirectMethodHandleAccessor.java:103)\n\tat java.base/java.lang.reflect.Method.invoke(Method.java:580)\n\tat org.codehaus.groovy.runtime.callsite.PlainObjectMetaMethodSite.doInvoke(PlainObjectMetaMethodSite.java:43)\n\tat org.codehaus.groovy.runtime.callsite.PogoMetaMethodSite$PogoCachedMethodSiteNoUnwrapNoCoerce.invoke(PogoMetaMethodSite.java:198)\n\tat org.codehaus.groovy.runtime.callsite.PogoMetaMethodSite.callCurrent(PogoMetaMethodSite.java:62)\n\tat org.codehaus.groovy.runtime.callsite.AbstractCallSite.callCurrent(AbstractCallSite.java:185)\n\tat io.restassured.internal.ResponseSpecificationImpl.body(ResponseSpecificationImpl.groovy:107)\n\tat io.restassured.internal.ValidatableResponseOptionsImpl.body(ValidatableResponseOptionsImpl.java:238)\n\tat utilities.CommonUtils.validateResponseSchema(CommonUtils.java:75)\n\tat requests.ProgramRequest.validateGetAllProgramUsersResponseBody(ProgramRequest.java:164)\n\tat stepDefinitions.ProgramStepDefinition.admin_recives_all_programs_with_users(ProgramStepDefinition.java:127)\n\tat ✽.Admin recives all Programs with users \"GetAllProgramUsersValid\"(file:///Users/dineshdeshmukh/eclipse-workspace/Team05APISquadHackathon/src/test/resources/Feature/04ProgramModule.feature:45)\nCaused by: com.github.fge.jsonschema.core.exceptions.ProcessingException: fatal: content at URI \"file:/Users/dineshdeshmukh/eclipse-workspace/Team05APISquadHackathon/target/test-classes/schema/getAllProgramUsersSchema.json#\" is not valid JSON\n    level: \"fatal\"\n    uri: \"file:/Users/dineshdeshmukh/eclipse-workspace/Team05APISquadHackathon/target/test-classes/schema/getAllProgramUsersSchema.json#\"\n    parsingMessage: \"Unexpected character ('<' (code 60)): was expecting comma to separate Object entries\"\n\n\tat com.github.fge.jsonschema.core.load.URIManager.getContent(URIManager.java:113)\n\tat com.github.fge.jsonschema.core.load.SchemaLoader$1.load(SchemaLoader.java:114)\n\tat com.github.fge.jsonschema.core.load.SchemaLoader$1.load(SchemaLoader.java:108)\n\tat com.google.common.cache.LocalCache$LoadingValueReference.loadFuture(LocalCache.java:3574)\n\tat com.google.common.cache.LocalCache$Segment.loadSync(LocalCache.java:2316)\n\tat com.google.common.cache.LocalCache$Segment.lockedGetOrLoad(LocalCache.java:2189)\n\tat com.google.common.cache.LocalCache$Segment.get(LocalCache.java:2079)\n\tat com.google.common.cache.LocalCache.get(LocalCache.java:4017)\n\tat com.google.common.cache.LocalCache.getOrLoad(LocalCache.java:4040)\n\tat com.google.common.cache.LocalCache$LocalLoadingCache.get(LocalCache.java:4989)\n\tat com.github.fge.jsonschema.core.load.SchemaLoader.get(SchemaLoader.java:171)\n\tat com.github.fge.jsonschema.main.JsonValidator.buildJsonSchema(JsonValidator.java:211)\n\tat com.github.fge.jsonschema.main.JsonSchemaFactory.getJsonSchema(JsonSchemaFactory.java:224)\n\tat io.restassured.module.jsv.JsonSchemaValidator.matchesSafely(JsonSchemaValidator.java:221)\n\t... 29 more\n"},"stage":"finished","steps":[],"attachments":[],"parameters":[],"start":1768601769807,"stop":1768601769832}],"attachments":[],"parameters":[{"name":"Scenario","value":"GetAllProgramUsersValid"}],"start":1768601769281,"stop":1768601769839}