{"uuid":"ff3ab01b-4492-43d5-abb5-3cc6b1de6a02","historyId":"a6cff5bd50ddb2bc09ab48470e5826fc","testCaseId":"48028a743f23d6a88f213e80424392d5","fullName":"src/test/resources/Feature/01UserLoginModule.feature:27","labels":[{"name":"tag","value":"UserLogin"},{"name":"tag","value":"UserLogin"},{"name":"host","value":"Dineshs-MacBook-Pro.local"},{"name":"thread","value":"41913@Dineshs-MacBook-Pro.local.main(1)"},{"name":"feature","value":"Admin Login Controller"},{"name":"story","value":"Admin login token generation"},{"name":"suite","value":"Admin Login Controller"},{"name":"testClass","value":"Admin login token generation"},{"name":"framework","value":"cucumber4jvm"},{"name":"language","value":"java"},{"name":"gherkin_uri","value":"file:///Users/dineshdeshmukh/eclipse-workspace/Team05APISquadHackathon/src/test/resources/Feature/01UserLoginModule.feature"},{"name":"package","value":"src.test.resources.Feature.01UserLoginModule_feature.Admin Login Controller"}],"links":[],"name":"Admin login token generation","status":"failed","statusDetails":{"known":false,"muted":false,"flaky":false,"message":"Status Code Mismatch! expected [400] but found [401]","trace":"java.lang.AssertionError: Status Code Mismatch! expected [400] but found [401]\n\tat org.testng.Assert.fail(Assert.java:111)\n\tat org.testng.Assert.failNotEquals(Assert.java:1590)\n\tat org.testng.Assert.assertEqualsImpl(Assert.java:150)\n\tat org.testng.Assert.assertEquals(Assert.java:132)\n\tat org.testng.Assert.assertEquals(Assert.java:1431)\n\tat org.testng.Assert.assertEquals(Assert.java:1395)\n\tat stepDefinitions.UserLoginSteps.admin_validates_response(UserLoginSteps.java:35)\n\tat ✽.Admin validates response(file:///Users/dineshdeshmukh/eclipse-workspace/Team05APISquadHackathon/src/test/resources/Feature/01UserLoginModule.feature:13)\n"},"stage":"finished","steps":[{"name":"Given Admin sets No Auth","status":"passed","statusDetails":{"known":false,"muted":false,"flaky":false},"stage":"finished","steps":[],"attachments":[],"parameters":[],"start":1768600483546,"stop":1768600483549},{"name":"Given Admin creates request with \"invalid base URL\"","status":"passed","statusDetails":{"known":false,"muted":false,"flaky":false},"stage":"finished","steps":[],"attachments":[],"parameters":[],"start":1768600483550,"stop":1768600484165},{"name":"When Admin calls login HTTPS method with endpoint","status":"passed","statusDetails":{"known":false,"muted":false,"flaky":false},"stage":"finished","steps":[],"attachments":[],"parameters":[],"start":1768600484166,"stop":1768600484454},{"name":"Then Admin validates response","status":"failed","statusDetails":{"known":false,"muted":false,"flaky":false,"message":"Status Code Mismatch! expected [400] but found [401]","trace":"java.lang.AssertionError: Status Code Mismatch! expected [400] but found [401]\n\tat org.testng.Assert.fail(Assert.java:111)\n\tat org.testng.Assert.failNotEquals(Assert.java:1590)\n\tat org.testng.Assert.assertEqualsImpl(Assert.java:150)\n\tat org.testng.Assert.assertEquals(Assert.java:132)\n\tat org.testng.Assert.assertEquals(Assert.java:1431)\n\tat org.testng.Assert.assertEquals(Assert.java:1395)\n\tat stepDefinitions.UserLoginSteps.admin_validates_response(UserLoginSteps.java:35)\n\tat ✽.Admin validates response(file:///Users/dineshdeshmukh/eclipse-workspace/Team05APISquadHackathon/src/test/resources/Feature/01UserLoginModule.feature:13)\n"},"stage":"finished","steps":[],"attachments":[],"parameters":[],"start":1768600484455,"stop":1768600484457}],"attachments":[],"parameters":[{"name":"ScenarioName","value":"invalid base URL"}],"start":1768600483537,"stop":1768600484466}